app/build/outputs/mapping/release/seeds.txt
com.wubydax.romcontrol.v2.AboutActivity
com.wubydax.romcontrol.v2.AboutActivity: AboutActivity()
com.wubydax.romcontrol.v2.AboutActivity: void onClick(android.view.View)
com.wubydax.romcontrol.v2.MainActivity
com.wubydax.romcontrol.v2.MainActivity: MainActivity()
com.wubydax.romcontrol.v2.MainActivity$2: void onClick(android.content.DialogInterface,int)
com.wubydax.romcontrol.v2.MainActivity$3: void onClick(android.content.DialogInterface,int)
com.wubydax.romcontrol.v2.MyApp
com.wubydax.romcontrol.v2.MyApp: MyApp()
com.wubydax.romcontrol.v2.PrefsFragment$1: void onClick(android.view.View)
com.wubydax.romcontrol.v2.R$anim: int abc_fade_in
com.wubydax.romcontrol.v2.R$anim: int abc_fade_out
com.wubydax.romcontrol.v2.R$anim: int abc_grow_fade_in_from_bottom
com.wubydax.romcontrol.v2.R$anim: int abc_popup_enter
com.wubydax.romcontrol.v2.R$anim: int abc_popup_exit
com.wubydax.romcontrol.v2.R$anim: int abc_shrink_fade_out_from_bottom
com.wubydax.romcontrol.v2.R$anim: int abc_slide_in_bottom
com.wubydax.romcontrol.v2.R$anim: int abc_slide_in_top
com.wubydax.romcontrol.v2.R$anim: int abc_slide_out_bottom
com.wubydax.romcontrol.v2.R$anim: int abc_slide_out_top
com.wubydax.romcontrol.v2.R$anim: int design_bottom_sheet_slide_in
com.wubydax.romcontrol.v2.R$anim: int design_bottom_sheet_slide_out
com.wubydax.romcontrol.v2.R$anim: int design_snackbar_in
com.wubydax.romcontrol.v2.R$anim: int design_snackbar_out
com.wubydax.romcontrol.v2.R$anim: int fade_in
com.wubydax.romcontrol.v2.R$anim: int fade_out
com.wubydax.romcontrol.v2.R$animator: int design_appbar_state_list_animator
com.wubydax.romcontrol.v2.R$animator: int fadein
com.wubydax.romcontrol.v2.R$animator: int fadeout
com.wubydax.romcontrol.v2.R$array: int about_contact_us_drawables
com.wubydax.romcontrol.v2.R$array: int about_contact_us_links
com.wubydax.romcontrol.v2.R$array: int about_contact_us_text
com.wubydax.romcontrol.v2.R$array: int about_credits_drawables
com.wubydax.romcontrol.v2.R$array: int about_credits_links
com.wubydax.romcontrol.v2.R$array: int about_credits_names
com.wubydax.romcontrol.v2.R$array: int about_team_drawables
com.wubydax.romcontrol.v2.R$array: int about_team_links
com.wubydax.romcontrol.v2.R$array: int about_team_names
com.wubydax.romcontrol.v2.R$array: int arrow_position_entries
com.wubydax.romcontrol.v2.R$array: int arrow_position_values
com.wubydax.romcontrol.v2.R$array: int backup_restore_items
com.wubydax.romcontrol.v2.R$array: int battery_bar_entries
com.wubydax.romcontrol.v2.R$array: int battery_bar_style_entries
com.wubydax.romcontrol.v2.R$array: int battery_bar_style_values
com.wubydax.romcontrol.v2.R$array: int battery_bar_thickness_entries
com.wubydax.romcontrol.v2.R$array: int battery_bar_thickness_values
com.wubydax.romcontrol.v2.R$array: int battery_bar_values
com.wubydax.romcontrol.v2.R$array: int button_key_light_entries
com.wubydax.romcontrol.v2.R$array: int button_key_light_values
com.wubydax.romcontrol.v2.R$array: int carrier_entries
com.wubydax.romcontrol.v2.R$array: int carrier_entry_values
com.wubydax.romcontrol.v2.R$array: int changelog_items
com.wubydax.romcontrol.v2.R$array: int clock_date_display_entries
...
android.support.v7.widget.SuggestionsAdapter: void onClick(android.view.View)
android.support.v7.widget.SwitchCompat: void setSwitchTypeface(android.graphics.Typeface)
android.support.v7.widget.SwitchCompat: void setSwitchPadding(int)
android.support.v7.widget.SwitchCompat: int getSwitchPadding()
android.support.v7.widget.SwitchCompat: void setSwitchMinWidth(int)
android.support.v7.widget.SwitchCompat: int getSwitchMinWidth()
android.support.v7.widget.SwitchCompat: void setThumbTextPadding(int)
android.support.v7.widget.SwitchCompat: int getThumbTextPadding()
android.support.v7.widget.SwitchCompat: void setTrackDrawable(android.graphics.drawable.Drawable)
android.support.v7.widget.SwitchCompat: void setTrackResource(int)
android.support.v7.widget.SwitchCompat: android.graphics.drawable.Drawable getTrackDrawable()
android.support.v7.widget.SwitchCompat: void setTrackTintList(android.content.res.ColorStateList)
android.support.v7.widget.SwitchCompat: android.content.res.ColorStateList getTrackTintList()
android.support.v7.widget.SwitchCompat: void setTrackTintMode(android.graphics.PorterDuff$Mode)
android.support.v7.widget.SwitchCompat: android.graphics.PorterDuff$Mode getTrackTintMode()
android.support.v7.widget.SwitchCompat: void setThumbDrawable(android.graphics.drawable.Drawable)
android.support.v7.widget.SwitchCompat: void setThumbResource(int)
android.support.v7.widget.SwitchCompat: android.graphics.drawable.Drawable getThumbDrawable()
android.support.v7.widget.SwitchCompat: void setThumbTintList(android.content.res.ColorStateList)
android.support.v7.widget.Toolbar
android.support.v7.widget.Toolbar: Toolbar(android.content.Context)
android.support.v7.widget.Toolbar: Toolbar(android.content.Context,android.util.AttributeSet)
android.support.v7.widget.Toolbar: Toolbar(android.content.Context,android.util.AttributeSet,int)
android.support.v7.widget.Toolbar: void setPopupTheme(int)
android.support.v7.widget.Toolbar: int getPopupTheme()
android.support.v7.widget.Toolbar: int getTitleMarginStart()
android.support.v7.widget.Toolbar: void setTitleMarginStart(int)
android.support.v7.widget.Toolbar: int getTitleMarginTop()
android.support.v7.widget.Toolbar: void setTitleMarginTop(int)
android.support.v7.widget.Toolbar: int getTitleMarginEnd()
android.support.v7.widget.Toolbar: void setTitleMarginEnd(int)
android.support.v7.widget.Toolbar: int getTitleMarginBottom()
android.support.v7.widget.Toolbar: void setTitleMarginBottom(int)
android.support.v7.widget.Toolbar: void setLogo(int)
android.support.v7.widget.Toolbar: void setLogo(android.graphics.drawable.Drawable)
android.support.v7.widget.Toolbar: android.graphics.drawable.Drawable getLogo()
android.support.v7.widget.Toolbar: void setLogoDescription(int)
android.support.v7.widget.Toolbar: void setLogoDescription(java.lang.CharSequence)
android.support.v7.widget.Toolbar: java.lang.CharSequence getLogoDescription()
android.support.v7.widget.Toolbar: java.lang.CharSequence getTitle()
android.support.v7.widget.Toolbar: void setTitle(int)
android.support.v7.widget.Toolbar$3: void onClick(android.view.View)
android.support.v7.widget.Toolbar$SavedState: android.os.Parcelable$Creator CREATOR
android.support.v7.widget.ToolbarWidgetWrapper$1: void onClick(android.view.View)