app/build/outputs/mapping/release/mapping.txt
com.wubydax.romcontrol.v2.AboutActivity -> com.wubydax.romcontrol.v2.AboutActivity:
    java.lang.Integer[] mContactUsIds -> n
    java.lang.Integer[] mTeamIds -> o
    java.lang.Integer[] mCreditsIds -> p
    boolean $assertionsDisabled -> m
    void <init>() -> <init>
    void onCreate(android.os.Bundle) -> onCreate
    void setUpCreditsItems() -> e
    void setUpTeamItems() -> f
    void setUpAboutItems() -> g
    void onClick(android.view.View) -> onClick
    void <clinit>() -> <clinit>
com.wubydax.romcontrol.v2.MainActivity -> com.wubydax.romcontrol.v2.MainActivity:
    android.app.ProgressDialog mProgressDialog -> p
    android.app.FragmentManager mFragmentManager -> q
    android.content.SharedPreferences mSharedPreferences -> r
    java.util.ArrayList mNavMenuItemsIds -> s
    com.karan.churi.PermissionManager.PermissionManager permissionManager -> m
    boolean KS7pro -> n
    boolean $assertionsDisabled -> o
    void <init>() -> <init>
    void onCreate(android.os.Bundle) -> onCreate
    void onRequestPermissionsResult(int,java.lang.String[],int[]) -> onRequestPermissionsResult
    boolean appInstalledOrNot(java.lang.String) -> a
    void setUpPrefsMenu(android.view.Menu) -> a
    void onBackPressed() -> onBackPressed
    boolean onCreateOptionsMenu(android.view.Menu) -> onCreateOptionsMenu
    boolean onOptionsItemSelected(android.view.MenuItem) -> onOptionsItemSelected
    boolean onNavigationItemSelected(android.view.MenuItem) -> a
    void launchBackupRestoreService(int,java.lang.String) -> a
    void loadPrefsFragment(java.lang.String) -> b
    void onTaskCompleted(boolean) -> b
    void onDialogResult(int) -> b
    void onBackupRestoreResult(int) -> c
    void onPause() -> onPause
    void onRestoreRequested(java.lang.String,boolean) -> a
    android.view.View getDecorView() -> e
    void <clinit>() -> <clinit>
com.wubydax.romcontrol.v2.MainActivity$1 -> com.wubydax.romcontrol.v2.MainActivity$1:
    com.wubydax.romcontrol.v2.MainActivity this$0 -> b
    void <init>(com.wubydax.romcontrol.v2.MainActivity) -> <init>
com.wubydax.romcontrol.v2.MainActivity$2 -> com.wubydax.romcontrol.v2.MainActivity$2:
    com.wubydax.romcontrol.v2.MainActivity this$0 -> a
    void <init>(com.wubydax.romcontrol.v2.MainActivity) -> <init>
    void onClick(android.content.DialogInterface,int) -> onClick
com.wubydax.romcontrol.v2.MainActivity$3 -> com.wubydax.romcontrol.v2.MainActivity$3:
    com.wubydax.romcontrol.v2.MainActivity this$0 -> a
    void <init>(com.wubydax.romcontrol.v2.MainActivity) -> <init>
    void onClick(android.content.DialogInterface,int) -> onClick
com.wubydax.romcontrol.v2.MyApp -> com.wubydax.romcontrol.v2.MyApp:
    android.content.Context mContext -> a
    void <init>() -> <init>
    android.content.Context getContext() -> a
    void onCreate() -> onCreate
    void onLowMemory() -> onLowMemory
com.wubydax.romcontrol.v2.PrefsFragment -> com.wubydax.romcontrol.v2.a:
    java.lang.String LOG_TAG -> a
    android.content.Context mContext -> b
    android.content.SharedPreferences mSharedPreferences -> c
    java.lang.String mUriPreferenceKey -> d
    void <init>() -> <init>
    com.wubydax.romcontrol.v2.PrefsFragment newInstance(java.lang.String) -> a
    void onCreate(android.os.Bundle) -> onCreate
    void onActivityResult(int,int,android.content.Intent) -> onActivityResult
    void iteratePrefs(android.preference.PreferenceGroup) -> a
    boolean onPreferenceClick(android.preference.Preference) -> onPreferenceClick
    void onUriSelectionRequested(java.lang.String) -> b
    void <clinit>() -> <clinit>
com.wubydax.romcontrol.v2.PrefsFragment$1 -> com.wubydax.romcontrol.v2.a$1:
    android.app.Dialog val$dialog -> a
    com.wubydax.romcontrol.v2.PrefsFragment this$0 -> b
    void <init>(com.wubydax.romcontrol.v2.PrefsFragment,android.app.Dialog) -> <init>
    void onClick(android.view.View) -> onClick
com.wubydax.romcontrol.v2.R -> com.wubydax.romcontrol.v2.b:
...
android.support.v7.widget.AppCompatDrawableManager$VdcInflateDelegate -> android.support.v7.widget.m$d:
    void <init>() -> <init>
    android.graphics.drawable.Drawable createFromXmlInner(android.content.Context,org.xmlpull.v1.XmlPullParser,android.util.AttributeSet,android.content.res.Resources$Theme) -> a
android.support.v7.widget.AppCompatEditText -> android.support.v7.widget.n:
    android.support.v7.widget.AppCompatBackgroundHelper mBackgroundTintHelper -> a
    android.support.v7.widget.AppCompatTextHelper mTextHelper -> b
    void <init>(android.content.Context,android.util.AttributeSet) -> <init>
    void <init>(android.content.Context,android.util.AttributeSet,int) -> <init>
    void setBackgroundResource(int) -> setBackgroundResource
    void setBackgroundDrawable(android.graphics.drawable.Drawable) -> setBackgroundDrawable
    void setSupportBackgroundTintList(android.content.res.ColorStateList) -> setSupportBackgroundTintList
    android.content.res.ColorStateList getSupportBackgroundTintList() -> getSupportBackgroundTintList
    void setSupportBackgroundTintMode(android.graphics.PorterDuff$Mode) -> setSupportBackgroundTintMode
    android.graphics.PorterDuff$Mode getSupportBackgroundTintMode() -> getSupportBackgroundTintMode
    void drawableStateChanged() -> drawableStateChanged
    void setTextAppearance(android.content.Context,int) -> setTextAppearance
android.support.v7.widget.AppCompatImageButton -> android.support.v7.widget.o:
    android.support.v7.widget.AppCompatBackgroundHelper mBackgroundTintHelper -> a
    android.support.v7.widget.AppCompatImageHelper mImageHelper -> b
    void <init>(android.content.Context) -> <init>
    void <init>(android.content.Context,android.util.AttributeSet) -> <init>
    void <init>(android.content.Context,android.util.AttributeSet,int) -> <init>
    void setImageResource(int) -> setImageResource
    void setBackgroundResource(int) -> setBackgroundResource
    void setBackgroundDrawable(android.graphics.drawable.Drawable) -> setBackgroundDrawable
    void setSupportBackgroundTintList(android.content.res.ColorStateList) -> setSupportBackgroundTintList
    android.content.res.ColorStateList getSupportBackgroundTintList() -> getSupportBackgroundTintList
    void setSupportBackgroundTintMode(android.graphics.PorterDuff$Mode) -> setSupportBackgroundTintMode
    android.graphics.PorterDuff$Mode getSupportBackgroundTintMode() -> getSupportBackgroundTintMode
    void drawableStateChanged() -> drawableStateChanged
    boolean hasOverlappingRendering() -> hasOverlappingRendering
android.support.v7.widget.AppCompatImageHelper -> android.support.v7.widget.p:
    android.widget.ImageView mView -> a
    void <init>(android.widget.ImageView) -> <init>
    void loadFromAttributes(android.util.AttributeSet,int) -> a
    void setImageResource(int) -> a
    boolean hasOverlappingRendering() -> a