app/build/outputs/mapping/release/usage.txt
com.wubydax.romcontrol.v2.BuildConfig
com.wubydax.romcontrol.v2.R:
    10:10:public R()
com.wubydax.romcontrol.v2.R$anim
com.wubydax.romcontrol.v2.R$animator
com.wubydax.romcontrol.v2.R$array
com.wubydax.romcontrol.v2.R$attr
com.wubydax.romcontrol.v2.R$bool
com.wubydax.romcontrol.v2.R$color
com.wubydax.romcontrol.v2.R$dimen
com.wubydax.romcontrol.v2.R$drawable
com.wubydax.romcontrol.v2.R$id
com.wubydax.romcontrol.v2.R$integer
com.wubydax.romcontrol.v2.R$layout
com.wubydax.romcontrol.v2.R$menu
com.wubydax.romcontrol.v2.R$mipmap
com.wubydax.romcontrol.v2.R$raw
com.wubydax.romcontrol.v2.R$string
com.wubydax.romcontrol.v2.R$style
com.wubydax.romcontrol.v2.R$styleable:
    4381:4381:public R$styleable()
com.wubydax.romcontrol.v2.R$xml
com.wubydax.romcontrol.v2.prefs.ColorPickerDialog:
    178:178:public boolean getHexValueEnabled()
com.wubydax.romcontrol.v2.prefs.ColorPickerPanelView:
    private static final float BORDER_WIDTH_PX
com.wubydax.romcontrol.v2.prefs.ColorPickerPreference:
    294:296:public void setColor(int)
com.wubydax.romcontrol.v2.prefs.ColorPickerView:
    private static final int PANEL_SAT_VAL
    private static final int PANEL_HUE
    private static final int PANEL_ALPHA
    private static final float BORDER_WIDTH_PX
com.wubydax.romcontrol.v2.prefs.GlobalRestorePreference
com.wubydax.romcontrol.v2.prefs.MyPreferenceCategory
com.wubydax.romcontrol.v2.prefs.ThumbnailListPreference:
    158:158:public java.lang.CharSequence[] getEntries()
    162:163:public void setEntries(java.lang.CharSequence[])
    166:166:public java.lang.CharSequence[] getEntryValues()
    170:171:public void setEntryValues(java.lang.CharSequence[])
    174:174:public android.graphics.drawable.Drawable[] getDrawableArray()
    178:179:public void setDrawableArray(android.graphics.drawable.Drawable[])
com.wubydax.romcontrol.v2.prefs.UriSelectionPreference:
    49:49:public com.wubydax.romcontrol.v2.prefs.UriSelectionPreference$OnUriSelectionRequestedListener getOnUriSelectionRequestedListener()
com.wubydax.romcontrol.v2.utils.BackupRestoreIntentService$LocalReceiver:
    static final java.lang.String BACKUP_COMPLETE_ACTION
    static final java.lang.String RESTORE_COMPLETE_ACTION
com.wubydax.romcontrol.v2.utils.Constants:
    static final java.lang.String DIALOG_REQUEST_CODE_KEY
    static final java.lang.String DIALOG_RESTORE_IS_CONFIRM_REQUIRED
    static final java.lang.String SCRIPTS_FOLDER
    public static final java.lang.String BACKUP_FILE_PATH_EXTRA_KEY
    public static final java.lang.String FIRST_LAUNCH_KEY
    public static final java.lang.String LAST_FRAGMENT
    public static final java.lang.String PREF_NAME_KEY
    public static final java.lang.String SERVICE_INTENT_ACTION_BACKUP
    public static final java.lang.String SERVICE_INTENT_ACTION_RESTORE
    public static final java.lang.String THEME_PREF_KEY
    public static final int BACKUP_OR_RESTORE_DIALOG_REQUEST_CODE
    public static final int CHANGELOG_DIALOG_REQUEST_CODE
    public static final int NO_SU_DIALOG_REQUEST_CODE
    public static final int REBOOT_MENU_DIALOG_REQUEST_CODE
    public static final int RESTORE_FILE_SELECTOR_DIALOG_REQUEST_CODE
    public static final int THEME_DIALOG_REQUEST_CODE
    22:22:public Constants()
com.wubydax.romcontrol.v2.utils.Utils:
    private static final java.lang.String LOG_TAG
    51:51:public Utils()
    160:168:private static float getDegreesForRotation(int)
...
android.support.v7.widget.LinearLayoutManager$LayoutState:
    static final java.lang.String TAG
    static final int LAYOUT_START
    static final int LAYOUT_END
    static final int INVALID_LAYOUT
    static final int ITEM_DIRECTION_HEAD
    static final int ITEM_DIRECTION_TAIL
    static final int SCROLLING_OFFSET_NaN
    2287:2289:void log()
android.support.v7.widget.LinearSmoothScroller
android.support.v7.widget.LinearSnapHelper
android.support.v7.widget.ListPopupWindow:
    private static final java.lang.String TAG
    private static final boolean DEBUG
    static final int EXPAND_LIST_TIMEOUT
    public static final int POSITION_PROMPT_ABOVE
    public static final int POSITION_PROMPT_BELOW
    public static final int MATCH_PARENT
    public static final int WRAP_CONTENT
    public static final int INPUT_METHOD_FROM_FOCUSABLE
    public static final int INPUT_METHOD_NEEDED
    public static final int INPUT_METHOD_NOT_NEEDED
    227:228:public ListPopupWindow(android.content.Context,android.util.AttributeSet)
    318:318:public int getPromptPosition()
    353:354:public void setForceIgnoreOutsideTouch(boolean)
    369:370:public void setDropDownAlwaysVisible(boolean)
    379:379:public boolean isDropDownAlwaysVisible()
    393:394:public void setSoftInputMode(int)
    403:403:public int getSoftInputMode()
    412:413:public void setListSelector(android.graphics.drawable.Drawable)
    447:447:public int getAnimationStyle()
    564:564:public int getHeight()
    573:574:public void setHeight(int)
    586:587:public void setWindowLayoutType(int)
    608:609:public void setOnItemSelectedListener(android.widget.AdapterView$OnItemSelectedListener)
    618:626:public void setPromptView(android.view.View)
    632:633:public void postShow()
    787:787:public int getInputMethodMode()
    848:857:public boolean performItemClick(int)
    864:867:public java.lang.Object getSelectedItem()
android.support.v7.widget.ListPopupWindow$1
android.support.v7.widget.ListViewCompat:
    public static final int INVALID_POSITION
    public static final int NO_POSITION
    65:66:public ListViewCompat(android.content.Context)
    69:70:public ListViewCompat(android.content.Context,android.util.AttributeSet)
    161:188:public int lookForSelectablePosition(int,boolean)
android.support.v7.widget.MenuPopupWindow:
    private static final java.lang.String TAG
android.support.v7.widget.MenuPopupWindow$MenuDropDownListView:
    156:157:public void clearSelection()
android.support.v7.widget.OrientationHelper:
    private static final int INVALID_SIZE
    public static final int HORIZONTAL
    public static final int VERTICAL
    public abstract void offsetChild(android.view.View,int)
android.support.v7.widget.OrientationHelper$1:
    322:323:public void offsetChild(android.view.View,int)
android.support.v7.widget.OrientationHelper$2:
    420:421:public void offsetChild(android.view.View,int)
android.support.v7.widget.PagerSnapHelper
android.support.v7.widget.PagerSnapHelper$1
android.support.v7.widget.PopupMenu
android.support.v7.widget.PopupMenu$1
android.support.v7.widget.PopupMenu$2
android.support.v7.widget.PopupMenu$3
android.support.v7.widget.PopupMenu$OnDismissListener
android.support.v7.widget.PopupMenu$OnMenuItemClickListener
android.support.v7.widget.PositionMap
android.support.v7.widget.PositionMap$ContainerHelpers